<?xml version="1.0" encoding="UTF-8"?>
<!-- Generated by org.testng.reporters.JUnitReportReporter -->
<testsuite hostname="ew-aezan3-dev" failures="0" tests="1" name="Runner.TestRunner" time="143.472" errors="0" timestamp="08 mai 2020 13:00:11 GMT" skipped="0">
  <testcase classname="Runner.TestRunner" name="runScenario" time="143.472"/>
</testsuite> <!-- Runner.TestRunner -->
